<?xml version="1.0" encoding="UTF-8"?>
<robot generator="Robot 5.0.1 (Python 3.8.10 on linux)" generated="20220922 10:20:16.013" rpa="false" schemaversion="3">
<suite id="s1" name="Task3" source="/home/farah/Desktop/RF/task3.robot">
<test id="s1-t1" name="Login To Deriv" line="8">
<kw name="Open Browser" library="SeleniumLibrary">
<arg>https://app.deriv.com/</arg>
<arg>chrome</arg>
<doc>Opens a new browser instance to the optional ``url``.</doc>
<msg timestamp="20220922 10:20:16.134" level="INFO">Opening browser 'chrome' to base url 'https://app.deriv.com/'.</msg>
<status status="PASS" starttime="20220922 10:20:16.134" endtime="20220922 10:20:20.376"/>
</kw>
<kw name="Maximize Browser Window" library="SeleniumLibrary">
<doc>Maximizes current browser window.</doc>
<status status="PASS" starttime="20220922 10:20:20.377" endtime="20220922 10:20:20.482"/>
</kw>
<kw name="Wait Until Page Contains Element" library="SeleniumLibrary">
<arg>//div[@class='btn-purchase__text_wrapper' and contains(.,'Rise')]</arg>
<arg>30</arg>
<doc>Waits until the element ``locator`` appears on the current page.</doc>
<status status="PASS" starttime="20220922 10:20:20.482" endtime="20220922 10:20:23.567"/>
</kw>
<kw name="Click Element" library="SeleniumLibrary">
<arg>dt_login_button</arg>
<doc>Click the element identified by ``locator``.</doc>
<msg timestamp="20220922 10:20:23.568" level="INFO">Clicking element 'dt_login_button'.</msg>
<status status="PASS" starttime="20220922 10:20:23.568" endtime="20220922 10:20:26.019"/>
</kw>
<kw name="Wait Until Page Contains Element" library="SeleniumLibrary">
<arg>//input[@type='email']</arg>
<arg>10</arg>
<doc>Waits until the element ``locator`` appears on the current page.</doc>
<status status="PASS" starttime="20220922 10:20:26.020" endtime="20220922 10:20:26.041"/>
</kw>
<kw name="Input Text" library="SeleniumLibrary">
<arg>//input[@type='email']</arg>
<arg>farah.afiqah+3@besquare.com.my</arg>
<doc>Types the given ``text`` into the text field identified by ``locator``.</doc>
<msg timestamp="20220922 10:20:26.043" level="INFO">Typing text 'farah.afiqah+3@besquare.com.my' into text field '//input[@type='email']'.</msg>
<status status="PASS" starttime="20220922 10:20:26.042" endtime="20220922 10:20:26.162"/>
</kw>
<kw name="Input Text" library="SeleniumLibrary">
<arg>//input[@type='password']</arg>
<arg>Abcdef1504</arg>
<doc>Types the given ``text`` into the text field identified by ``locator``.</doc>
<msg timestamp="20220922 10:20:26.163" level="INFO">Typing text 'Abcdef1504' into text field '//input[@type='password']'.</msg>
<status status="PASS" starttime="20220922 10:20:26.162" endtime="20220922 10:20:26.256"/>
</kw>
<kw name="Click Element" library="SeleniumLibrary">
<arg>//button[@type='submit']</arg>
<doc>Click the element identified by ``locator``.</doc>
<msg timestamp="20220922 10:20:26.257" level="INFO">Clicking element '//button[@type='submit']'.</msg>
<status status="PASS" starttime="20220922 10:20:26.256" endtime="20220922 10:20:30.063"/>
</kw>
<kw name="Wait Until Page Contains Element" library="SeleniumLibrary">
<arg>dt_core_account-info_acc-info</arg>
<arg>30</arg>
<doc>Waits until the element ``locator`` appears on the current page.</doc>
<status status="PASS" starttime="20220922 10:20:30.064" endtime="20220922 10:20:30.615"/>
</kw>
<status status="PASS" starttime="20220922 10:20:16.133" endtime="20220922 10:20:30.616"/>
</test>
<test id="s1-t2" name="Navigate To Demo Account" line="19">
<kw name="Wait Until Page Does Not Contain Element" library="SeleniumLibrary">
<arg>//*[@aria-label="Loading interface..."]</arg>
<doc>Waits until the element ``locator`` disappears from the current page.</doc>
<status status="PASS" starttime="20220922 10:20:30.621" endtime="20220922 10:20:33.163"/>
</kw>
<kw name="Click Element" library="SeleniumLibrary">
<arg>dt_core_account-info_acc-info</arg>
<doc>Click the element identified by ``locator``.</doc>
<msg timestamp="20220922 10:20:33.164" level="INFO">Clicking element 'dt_core_account-info_acc-info'.</msg>
<status status="PASS" starttime="20220922 10:20:33.163" endtime="20220922 10:20:33.272"/>
</kw>
<kw name="Click Element" library="SeleniumLibrary">
<arg>//*[@id="dt_core_account-switcher_demo-tab"]</arg>
<doc>Click the element identified by ``locator``.</doc>
<msg timestamp="20220922 10:20:33.273" level="INFO">Clicking element '//*[@id="dt_core_account-switcher_demo-tab"]'.</msg>
<status status="PASS" starttime="20220922 10:20:33.273" endtime="20220922 10:20:33.728"/>
</kw>
<kw name="Click Element" library="SeleniumLibrary">
<arg>//*[@id='dt_VRTC6744793']</arg>
<doc>Click the element identified by ``locator``.</doc>
<msg timestamp="20220922 10:20:33.728" level="INFO">Clicking element '//*[@id='dt_VRTC6744793']'.</msg>
<status status="PASS" starttime="20220922 10:20:33.728" endtime="20220922 10:20:34.004"/>
</kw>
<status status="PASS" starttime="20220922 10:20:30.618" endtime="20220922 10:20:34.005"/>
</test>
<test id="s1-t3" name="Choose Underlying Contract" line="25">
<kw name="Wait Until Page Contains Element" library="SeleniumLibrary">
<arg>//*[@class="cq-symbol-select-btn__container"]</arg>
<arg>20</arg>
<doc>Waits until the element ``locator`` appears on the current page.</doc>
<status status="PASS" starttime="20220922 10:20:34.007" endtime="20220922 10:20:34.034"/>
</kw>
<kw name="Click Element" library="SeleniumLibrary">
<arg>//*[@class="cq-symbol-select-btn__container"]</arg>
<doc>Click the element identified by ``locator``.</doc>
<msg timestamp="20220922 10:20:34.036" level="INFO">Clicking element '//*[@class="cq-symbol-select-btn__container"]'.</msg>
<status status="PASS" starttime="20220922 10:20:34.035" endtime="20220922 10:20:34.213"/>
</kw>
<kw name="Sleep" library="BuiltIn">
<arg>5</arg>
<doc>Pauses the test executed for the given time.</doc>
<msg timestamp="20220922 10:20:39.214" level="INFO">Slept 5 seconds</msg>
<status status="PASS" starttime="20220922 10:20:34.214" endtime="20220922 10:20:39.215"/>
</kw>
<kw name="Wait Until Page Contains Element" library="SeleniumLibrary">
<arg>//*[@class="sc-mcd__filter"]</arg>
<arg>10</arg>
<doc>Waits until the element ``locator`` appears on the current page.</doc>
<status status="PASS" starttime="20220922 10:20:39.215" endtime="20220922 10:20:39.260"/>
</kw>
<kw name="Wait Until Page Contains Element" library="SeleniumLibrary">
<arg>//*[@class="sc-mcd__filter__item sc-mcd__filter__item--selected"]</arg>
<arg>20</arg>
<doc>Waits until the element ``locator`` appears on the current page.</doc>
<status status="PASS" starttime="20220922 10:20:39.260" endtime="20220922 10:20:39.281"/>
</kw>
<kw name="Click Element" library="SeleniumLibrary">
<arg>//*[@class="sc-mcd__filter__item sc-mcd__filter__item--selected"]</arg>
<doc>Click the element identified by ``locator``.</doc>
<msg timestamp="20220922 10:20:39.282" level="INFO">Clicking element '//*[@class="sc-mcd__filter__item sc-mcd__filter__item--selected"]'.</msg>
<status status="PASS" starttime="20220922 10:20:39.282" endtime="20220922 10:20:39.361"/>
</kw>
<status status="PASS" starttime="20220922 10:20:34.006" endtime="20220922 10:20:39.362"/>
</test>
<status status="PASS" starttime="20220922 10:20:16.014" endtime="20220922 10:20:39.364"/>
</suite>
<statistics>
<total>
<stat pass="3" fail="0" skip="0">All Tests</stat>
</total>
<tag>
</tag>
<suite>
<stat pass="3" fail="0" skip="0" id="s1" name="Task3">Task3</stat>
</suite>
</statistics>
<errors>
</errors>
</robot>
